<?xml version="1.0" encoding="UTF-8"?>
<testng-results total="1" passed="1" failed="0" skipped="0">
  <reporter-output>
    <line>
      <![CDATA[Application Opened ]]>
    </line>
    <line>
      <![CDATA[Login completed ]]>
    </line>
    <line>
      <![CDATA[Logout completed ]]>
    </line>
    <line>
      <![CDATA[Application closed ]]>
    </line>
  </reporter-output>
  <suite started-at="2023-11-14T09:49:56Z" name="Default suite" finished-at="2023-11-14T09:50:05Z" duration-ms="8455">
    <groups>
    </groups>
    <test started-at="2023-11-14T09:49:56Z" name="Default test" finished-at="2023-11-14T09:50:05Z" duration-ms="8455">
      <class name="Com.hrms.testscripts.TC_001">
        <test-method signature="TC_001()[pri:0, instance:Com.hrms.testscripts.TC_001@1984b1f]" started-at="2023-11-14T15:19:56Z" name="TC_001" finished-at="2023-11-14T15:20:05Z" duration-ms="8436" status="PASS">
          <reporter-output>
            <line>
              <![CDATA[Application Opened ]]>
            </line>
            <line>
              <![CDATA[Login completed ]]>
            </line>
            <line>
              <![CDATA[Logout completed ]]>
            </line>
            <line>
              <![CDATA[Application closed ]]>
            </line>
          </reporter-output>
        </test-method> <!-- TC_001 -->
      </class> <!-- Com.hrms.testscripts.TC_001 -->
    </test> <!-- Default test -->
  </suite> <!-- Default suite -->
</testng-results>
